1566024561861	mozrunner::runner	INFO	Running command: "/usr/bin/firefox" "-marionette" "-foreground" "-no-remote" "-profile" "/tmp/rust_mozprofile.o6M7itCXvSqS"

(firefox:29902): Gtk-WARNING **: 12:19:21.892: Theme parsing error: gtk.css:559:1: Expected a valid selector

(firefox:29902): Gtk-WARNING **: 12:19:21.893: Theme parsing error: gtk.css:1148:2: Expected semicolon

(firefox:29902): Gtk-WARNING **: 12:19:21.893: Theme parsing error: gtk.css:1489:27: Expected a valid selector

(firefox:29902): Gtk-WARNING **: 12:19:21.894: Theme parsing error: gtk.css:1618:15: 'bborder-color' is not a valid property name

(firefox:29902): Gtk-WARNING **: 12:19:21.894: Theme parsing error: gtk.css:1622:20: Expected a valid selector

(firefox:29902): Gtk-WARNING **: 12:19:21.894: Theme parsing error: gtk.css:1988:15: 'bborder-color' is not a valid property name

(firefox:29902): Gtk-WARNING **: 12:19:21.898: Theme parsing error: gtk.css:4363:2: Expected semicolon

(firefox:29902): Gtk-WARNING **: 12:19:21.899: Theme parsing error: gtk.css:4994:2: Junk at end of value for border-radius

(firefox:29902): Gtk-WARNING **: 12:19:21.901: Theme parsing error: gtk.css:6305:26: Expected a valid selector

(firefox:29902): Gtk-WARNING **: 12:19:21.903: Theme parsing error: gtk.css:7321:26: Expected a valid selector

(firefox:29902): Gtk-WARNING **: 12:19:21.904: Theme parsing error: gtk.css:8201:64: Junk at end of value for background-image

(firefox:29902): Gtk-WARNING **: 12:19:21.905: Theme parsing error: gtk.css:8820:55: Using one color stop with linear-gradient() is deprecated.

(firefox:29902): Gtk-WARNING **: 12:19:21.905: Theme parsing error: gtk.css:8820:55: Missing closing bracket at end of linear gradient

(firefox:29902): Gtk-WARNING **: 12:19:21.905: Theme parsing error: gtk.css:8933:19: not a number

(firefox:29902): Gtk-WARNING **: 12:19:21.905: Theme parsing error: gtk.css:8951:15: 'bcbcbc' is not a valid color name

(firefox:29902): Gtk-WARNING **: 12:19:21.907: Theme parsing error: gtk.css:10377:20: Not a valid image
1566024562598	addons.webextension.screenshots@mozilla.org	WARN	Loading extension 'screenshots@mozilla.org': Reading manifest: Invalid extension permission: mozillaAddons
1566024562598	addons.webextension.screenshots@mozilla.org	WARN	Loading extension 'screenshots@mozilla.org': Reading manifest: Invalid extension permission: telemetry
1566024562598	addons.webextension.screenshots@mozilla.org	WARN	Loading extension 'screenshots@mozilla.org': Reading manifest: Invalid extension permission: resource://pdf.js/
1566024562598	addons.webextension.screenshots@mozilla.org	WARN	Loading extension 'screenshots@mozilla.org': Reading manifest: Invalid extension permission: about:reader*

(/usr/lib/firefox/firefox:29953): Gtk-WARNING **: 12:19:23.805: Theme parsing error: gtk.css:559:1: Expected a valid selector

(/usr/lib/firefox/firefox:29953): Gtk-WARNING **: 12:19:23.807: Theme parsing error: gtk.css:1148:2: Expected semicolon

(/usr/lib/firefox/firefox:29953): Gtk-WARNING **: 12:19:23.808: Theme parsing error: gtk.css:1489:27: Expected a valid selector

(/usr/lib/firefox/firefox:29953): Gtk-WARNING **: 12:19:23.808: Theme parsing error: gtk.css:1618:15: 'bborder-color' is not a valid property name

(/usr/lib/firefox/firefox:29953): Gtk-WARNING **: 12:19:23.808: Theme parsing error: gtk.css:1622:20: Expected a valid selector

(/usr/lib/firefox/firefox:29953): Gtk-WARNING **: 12:19:23.809: Theme parsing error: gtk.css:1988:15: 'bborder-color' is not a valid property name

(/usr/lib/firefox/firefox:29953): Gtk-WARNING **: 12:19:23.815: Theme parsing error: gtk.css:4363:2: Expected semicolon

(/usr/lib/firefox/firefox:29953): Gtk-WARNING **: 12:19:23.817: Theme parsing error: gtk.css:4994:2: Junk at end of value for border-radius

(/usr/lib/firefox/firefox:29953): Gtk-WARNING **: 12:19:23.821: Theme parsing error: gtk.css:6305:26: Expected a valid selector

(/usr/lib/firefox/firefox:29953): Gtk-WARNING **: 12:19:23.823: Theme parsing error: gtk.css:7321:26: Expected a valid selector

(/usr/lib/firefox/firefox:29953): Gtk-WARNING **: 12:19:23.825: Theme parsing error: gtk.css:8201:64: Junk at end of value for background-image

(/usr/lib/firefox/firefox:29953): Gtk-WARNING **: 12:19:23.827: Theme parsing error: gtk.css:8820:55: Using one color stop with linear-gradient() is deprecated.

(/usr/lib/firefox/firefox:29953): Gtk-WARNING **: 12:19:23.827: Theme parsing error: gtk.css:8820:55: Missing closing bracket at end of linear gradient

(/usr/lib/firefox/firefox:29953): Gtk-WARNING **: 12:19:23.827: Theme parsing error: gtk.css:8933:19: not a number

(/usr/lib/firefox/firefox:29953): Gtk-WARNING **: 12:19:23.827: Theme parsing error: gtk.css:8951:15: 'bcbcbc' is not a valid color name

(/usr/lib/firefox/firefox:29953): Gtk-WARNING **: 12:19:23.831: Theme parsing error: gtk.css:10377:20: Not a valid image

(/usr/lib/firefox/firefox:29972): Gtk-WARNING **: 12:19:23.978: Theme parsing error: gtk.css:559:1: Expected a valid selector

(/usr/lib/firefox/firefox:29972): Gtk-WARNING **: 12:19:23.980: Theme parsing error: gtk.css:1148:2: Expected semicolon

(/usr/lib/firefox/firefox:29972): Gtk-WARNING **: 12:19:23.981: Theme parsing error: gtk.css:1489:27: Expected a valid selector

(/usr/lib/firefox/firefox:29972): Gtk-WARNING **: 12:19:23.981: Theme parsing error: gtk.css:1618:15: 'bborder-color' is not a valid property name

(/usr/lib/firefox/firefox:29972): Gtk-WARNING **: 12:19:23.981: Theme parsing error: gtk.css:1622:20: Expected a valid selector

(/usr/lib/firefox/firefox:29972): Gtk-WARNING **: 12:19:23.982: Theme parsing error: gtk.css:1988:15: 'bborder-color' is not a valid property name

(/usr/lib/firefox/firefox:29972): Gtk-WARNING **: 12:19:23.988: Theme parsing error: gtk.css:4363:2: Expected semicolon

(/usr/lib/firefox/firefox:29972): Gtk-WARNING **: 12:19:23.990: Theme parsing error: gtk.css:4994:2: Junk at end of value for border-radius

(/usr/lib/firefox/firefox:29972): Gtk-WARNING **: 12:19:23.994: Theme parsing error: gtk.css:6305:26: Expected a valid selector

(/usr/lib/firefox/firefox:29972): Gtk-WARNING **: 12:19:23.996: Theme parsing error: gtk.css:7321:26: Expected a valid selector

(/usr/lib/firefox/firefox:29972): Gtk-WARNING **: 12:19:23.999: Theme parsing error: gtk.css:8201:64: Junk at end of value for background-image

(/usr/lib/firefox/firefox:29972): Gtk-WARNING **: 12:19:24.000: Theme parsing error: gtk.css:8820:55: Using one color stop with linear-gradient() is deprecated.

(/usr/lib/firefox/firefox:29972): Gtk-WARNING **: 12:19:24.000: Theme parsing error: gtk.css:8820:55: Missing closing bracket at end of linear gradient

(/usr/lib/firefox/firefox:29972): Gtk-WARNING **: 12:19:24.000: Theme parsing error: gtk.css:8933:19: not a number

(/usr/lib/firefox/firefox:29972): Gtk-WARNING **: 12:19:24.001: Theme parsing error: gtk.css:8951:15: 'bcbcbc' is not a valid color name

(/usr/lib/firefox/firefox:29972): Gtk-WARNING **: 12:19:24.004: Theme parsing error: gtk.css:10377:20: Not a valid image

(/usr/lib/firefox/firefox:30027): Gtk-WARNING **: 12:19:25.362: Theme parsing error: gtk.css:559:1: Expected a valid selector

(/usr/lib/firefox/firefox:30027): Gtk-WARNING **: 12:19:25.362: Theme parsing error: gtk.css:1148:2: Expected semicolon

(/usr/lib/firefox/firefox:30027): Gtk-WARNING **: 12:19:25.363: Theme parsing error: gtk.css:1489:27: Expected a valid selector

(/usr/lib/firefox/firefox:30027): Gtk-WARNING **: 12:19:25.363: Theme parsing error: gtk.css:1618:15: 'bborder-color' is not a valid property name

(/usr/lib/firefox/firefox:30027): Gtk-WARNING **: 12:19:25.363: Theme parsing error: gtk.css:1622:20: Expected a valid selector

(/usr/lib/firefox/firefox:30027): Gtk-WARNING **: 12:19:25.364: Theme parsing error: gtk.css:1988:15: 'bborder-color' is not a valid property name

(/usr/lib/firefox/firefox:30027): Gtk-WARNING **: 12:19:25.367: Theme parsing error: gtk.css:4363:2: Expected semicolon

(/usr/lib/firefox/firefox:30027): Gtk-WARNING **: 12:19:25.368: Theme parsing error: gtk.css:4994:2: Junk at end of value for border-radius

(/usr/lib/firefox/firefox:30027): Gtk-WARNING **: 12:19:25.370: Theme parsing error: gtk.css:6305:26: Expected a valid selector

(/usr/lib/firefox/firefox:30027): Gtk-WARNING **: 12:19:25.372: Theme parsing error: gtk.css:7321:26: Expected a valid selector

(/usr/lib/firefox/firefox:30027): Gtk-WARNING **: 12:19:25.373: Theme parsing error: gtk.css:8201:64: Junk at end of value for background-image

(/usr/lib/firefox/firefox:30027): Gtk-WARNING **: 12:19:25.374: Theme parsing error: gtk.css:8820:55: Using one color stop with linear-gradient() is deprecated.

(/usr/lib/firefox/firefox:30027): Gtk-WARNING **: 12:19:25.374: Theme parsing error: gtk.css:8820:55: Missing closing bracket at end of linear gradient

(/usr/lib/firefox/firefox:30027): Gtk-WARNING **: 12:19:25.374: Theme parsing error: gtk.css:8933:19: not a number

(/usr/lib/firefox/firefox:30027): Gtk-WARNING **: 12:19:25.374: Theme parsing error: gtk.css:8951:15: 'bcbcbc' is not a valid color name

(/usr/lib/firefox/firefox:30027): Gtk-WARNING **: 12:19:25.376: Theme parsing error: gtk.css:10377:20: Not a valid image
1566024565471	Marionette	INFO	Listening on port 41019
1566024565480	Marionette	WARN	TLS certificate errors will be ignored for this session
1566024566082	Marionette	INFO	Stopped listening on port 41019
JavaScript error: resource://activity-stream/lib/ActivityStreamPrefs.jsm, line 23: NS_ERROR_ILLEGAL_VALUE: Component returned failure code: 0x80070057 (NS_ERROR_ILLEGAL_VALUE) [nsIPrefBranch.removeObserver]
JavaScript error: resource://gre/modules/IndexedDB.jsm, line 349: UnknownError: The operation failed for reasons unrelated to the database itself and not covered by any other error code.
JavaScript error: resource://gre/modules/IndexedDB.jsm, line 349: UnknownError: The operation failed for reasons unrelated to the database itself and not covered by any other error code.
console.error: PushService: 
console.log: "RemoteSettingsWorker error: UnknownError: The operation failed for reasons unrelated to the database itself and not covered by any other error code."
  clearOriginData: Error clearing origin data:
  UnknownError
console.error: PushService: 
  stateChangeProcessEnqueue: Error transitioning state
  UnknownError

###!!! [Parent][DispatchAsyncMessage] Error: PBackgroundIDBFactory::Msg_PBackgroundIDBFactoryRequestConstructor Value error: message was deserialized, but contained an illegal value


###!!! [Parent][DispatchAsyncMessage] Error: PBackgroundIDBFactory::Msg_PBackgroundIDBFactoryRequestConstructor Value error: message was deserialized, but contained an illegal value

JavaScript error: resource://services-common/kinto-offline-client.js, line 579: Error: IndexedDB getLastModified() The operation failed for reasons unrelated to the database itself and not covered by any other error code.
1566031779341	mozrunner::runner	INFO	Running command: "/usr/bin/firefox" "-marionette" "-foreground" "-no-remote" "-profile" "/tmp/rust_mozprofile.dX4VesDoGpEP"

(firefox:32573): Gtk-WARNING **: 14:19:40.083: Theme parsing error: gtk.css:559:1: Expected a valid selector

(firefox:32573): Gtk-WARNING **: 14:19:40.085: Theme parsing error: gtk.css:1148:2: Expected semicolon

(firefox:32573): Gtk-WARNING **: 14:19:40.085: Theme parsing error: gtk.css:1489:27: Expected a valid selector

(firefox:32573): Gtk-WARNING **: 14:19:40.086: Theme parsing error: gtk.css:1618:15: 'bborder-color' is not a valid property name

(firefox:32573): Gtk-WARNING **: 14:19:40.086: Theme parsing error: gtk.css:1622:20: Expected a valid selector

(firefox:32573): Gtk-WARNING **: 14:19:40.086: Theme parsing error: gtk.css:1988:15: 'bborder-color' is not a valid property name

(firefox:32573): Gtk-WARNING **: 14:19:40.090: Theme parsing error: gtk.css:4363:2: Expected semicolon

(firefox:32573): Gtk-WARNING **: 14:19:40.091: Theme parsing error: gtk.css:4994:2: Junk at end of value for border-radius

(firefox:32573): Gtk-WARNING **: 14:19:40.093: Theme parsing error: gtk.css:6305:26: Expected a valid selector

(firefox:32573): Gtk-WARNING **: 14:19:40.095: Theme parsing error: gtk.css:7321:26: Expected a valid selector

(firefox:32573): Gtk-WARNING **: 14:19:40.096: Theme parsing error: gtk.css:8201:64: Junk at end of value for background-image

(firefox:32573): Gtk-WARNING **: 14:19:40.097: Theme parsing error: gtk.css:8820:55: Using one color stop with linear-gradient() is deprecated.

(firefox:32573): Gtk-WARNING **: 14:19:40.097: Theme parsing error: gtk.css:8820:55: Missing closing bracket at end of linear gradient

(firefox:32573): Gtk-WARNING **: 14:19:40.097: Theme parsing error: gtk.css:8933:19: not a number

(firefox:32573): Gtk-WARNING **: 14:19:40.097: Theme parsing error: gtk.css:8951:15: 'bcbcbc' is not a valid color name

(firefox:32573): Gtk-WARNING **: 14:19:40.099: Theme parsing error: gtk.css:10377:20: Not a valid image
1566031784504	addons.webextension.screenshots@mozilla.org	WARN	Loading extension 'screenshots@mozilla.org': Reading manifest: Invalid extension permission: mozillaAddons
1566031784504	addons.webextension.screenshots@mozilla.org	WARN	Loading extension 'screenshots@mozilla.org': Reading manifest: Invalid extension permission: telemetry
1566031784505	addons.webextension.screenshots@mozilla.org	WARN	Loading extension 'screenshots@mozilla.org': Reading manifest: Invalid extension permission: resource://pdf.js/
1566031784505	addons.webextension.screenshots@mozilla.org	WARN	Loading extension 'screenshots@mozilla.org': Reading manifest: Invalid extension permission: about:reader*

(/usr/lib/firefox/firefox:32670): Gtk-WARNING **: 14:19:46.356: Theme parsing error: gtk.css:559:1: Expected a valid selector

(/usr/lib/firefox/firefox:32670): Gtk-WARNING **: 14:19:46.357: Theme parsing error: gtk.css:1148:2: Expected semicolon

(/usr/lib/firefox/firefox:32670): Gtk-WARNING **: 14:19:46.357: Theme parsing error: gtk.css:1489:27: Expected a valid selector

(/usr/lib/firefox/firefox:32670): Gtk-WARNING **: 14:19:46.358: Theme parsing error: gtk.css:1618:15: 'bborder-color' is not a valid property name

(/usr/lib/firefox/firefox:32670): Gtk-WARNING **: 14:19:46.358: Theme parsing error: gtk.css:1622:20: Expected a valid selector

(/usr/lib/firefox/firefox:32670): Gtk-WARNING **: 14:19:46.358: Theme parsing error: gtk.css:1988:15: 'bborder-color' is not a valid property name

(/usr/lib/firefox/firefox:32670): Gtk-WARNING **: 14:19:46.362: Theme parsing error: gtk.css:4363:2: Expected semicolon

(/usr/lib/firefox/firefox:32670): Gtk-WARNING **: 14:19:46.363: Theme parsing error: gtk.css:4994:2: Junk at end of value for border-radius

(/usr/lib/firefox/firefox:32670): Gtk-WARNING **: 14:19:46.366: Theme parsing error: gtk.css:6305:26: Expected a valid selector

(/usr/lib/firefox/firefox:32670): Gtk-WARNING **: 14:19:46.367: Theme parsing error: gtk.css:7321:26: Expected a valid selector

(/usr/lib/firefox/firefox:32670): Gtk-WARNING **: 14:19:46.369: Theme parsing error: gtk.css:8201:64: Junk at end of value for background-image

(/usr/lib/firefox/firefox:32670): Gtk-WARNING **: 14:19:46.370: Theme parsing error: gtk.css:8820:55: Using one color stop with linear-gradient() is deprecated.

(/usr/lib/firefox/firefox:32670): Gtk-WARNING **: 14:19:46.370: Theme parsing error: gtk.css:8820:55: Missing closing bracket at end of linear gradient

(/usr/lib/firefox/firefox:32670): Gtk-WARNING **: 14:19:46.370: Theme parsing error: gtk.css:8933:19: not a number

(/usr/lib/firefox/firefox:32670): Gtk-WARNING **: 14:19:46.370: Theme parsing error: gtk.css:8951:15: 'bcbcbc' is not a valid color name

(/usr/lib/firefox/firefox:32670): Gtk-WARNING **: 14:19:46.372: Theme parsing error: gtk.css:10377:20: Not a valid image

(/usr/lib/firefox/firefox:32689): Gtk-WARNING **: 14:19:46.519: Theme parsing error: gtk.css:559:1: Expected a valid selector

(/usr/lib/firefox/firefox:32689): Gtk-WARNING **: 14:19:46.520: Theme parsing error: gtk.css:1148:2: Expected semicolon

(/usr/lib/firefox/firefox:32689): Gtk-WARNING **: 14:19:46.520: Theme parsing error: gtk.css:1489:27: Expected a valid selector

(/usr/lib/firefox/firefox:32689): Gtk-WARNING **: 14:19:46.520: Theme parsing error: gtk.css:1618:15: 'bborder-color' is not a valid property name

(/usr/lib/firefox/firefox:32689): Gtk-WARNING **: 14:19:46.520: Theme parsing error: gtk.css:1622:20: Expected a valid selector

(/usr/lib/firefox/firefox:32689): Gtk-WARNING **: 14:19:46.521: Theme parsing error: gtk.css:1988:15: 'bborder-color' is not a valid property name

(/usr/lib/firefox/firefox:32689): Gtk-WARNING **: 14:19:46.525: Theme parsing error: gtk.css:4363:2: Expected semicolon

(/usr/lib/firefox/firefox:32689): Gtk-WARNING **: 14:19:46.526: Theme parsing error: gtk.css:4994:2: Junk at end of value for border-radius

(/usr/lib/firefox/firefox:32689): Gtk-WARNING **: 14:19:46.529: Theme parsing error: gtk.css:6305:26: Expected a valid selector

(/usr/lib/firefox/firefox:32689): Gtk-WARNING **: 14:19:46.530: Theme parsing error: gtk.css:7321:26: Expected a valid selector

(/usr/lib/firefox/firefox:32689): Gtk-WARNING **: 14:19:46.531: Theme parsing error: gtk.css:8201:64: Junk at end of value for background-image

(/usr/lib/firefox/firefox:32689): Gtk-WARNING **: 14:19:46.532: Theme parsing error: gtk.css:8820:55: Using one color stop with linear-gradient() is deprecated.

(/usr/lib/firefox/firefox:32689): Gtk-WARNING **: 14:19:46.532: Theme parsing error: gtk.css:8820:55: Missing closing bracket at end of linear gradient

(/usr/lib/firefox/firefox:32689): Gtk-WARNING **: 14:19:46.532: Theme parsing error: gtk.css:8933:19: not a number

(/usr/lib/firefox/firefox:32689): Gtk-WARNING **: 14:19:46.532: Theme parsing error: gtk.css:8951:15: 'bcbcbc' is not a valid color name

(/usr/lib/firefox/firefox:32689): Gtk-WARNING **: 14:19:46.534: Theme parsing error: gtk.css:10377:20: Not a valid image

(/usr/lib/firefox/firefox:32743): Gtk-WARNING **: 14:19:47.721: Theme parsing error: gtk.css:559:1: Expected a valid selector

(/usr/lib/firefox/firefox:32743): Gtk-WARNING **: 14:19:47.723: Theme parsing error: gtk.css:1148:2: Expected semicolon

(/usr/lib/firefox/firefox:32743): Gtk-WARNING **: 14:19:47.723: Theme parsing error: gtk.css:1489:27: Expected a valid selector

(/usr/lib/firefox/firefox:32743): Gtk-WARNING **: 14:19:47.724: Theme parsing error: gtk.css:1618:15: 'bborder-color' is not a valid property name

(/usr/lib/firefox/firefox:32743): Gtk-WARNING **: 14:19:47.724: Theme parsing error: gtk.css:1622:20: Expected a valid selector

(/usr/lib/firefox/firefox:32743): Gtk-WARNING **: 14:19:47.725: Theme parsing error: gtk.css:1988:15: 'bborder-color' is not a valid property name

(/usr/lib/firefox/firefox:32743): Gtk-WARNING **: 14:19:47.731: Theme parsing error: gtk.css:4363:2: Expected semicolon

(/usr/lib/firefox/firefox:32743): Gtk-WARNING **: 14:19:47.732: Theme parsing error: gtk.css:4994:2: Junk at end of value for border-radius

(/usr/lib/firefox/firefox:32743): Gtk-WARNING **: 14:19:47.734: Theme parsing error: gtk.css:6305:26: Expected a valid selector

(/usr/lib/firefox/firefox:32743): Gtk-WARNING **: 14:19:47.736: Theme parsing error: gtk.css:7321:26: Expected a valid selector

(/usr/lib/firefox/firefox:32743): Gtk-WARNING **: 14:19:47.737: Theme parsing error: gtk.css:8201:64: Junk at end of value for background-image

(/usr/lib/firefox/firefox:32743): Gtk-WARNING **: 14:19:47.738: Theme parsing error: gtk.css:8820:55: Using one color stop with linear-gradient() is deprecated.

(/usr/lib/firefox/firefox:32743): Gtk-WARNING **: 14:19:47.738: Theme parsing error: gtk.css:8820:55: Missing closing bracket at end of linear gradient

(/usr/lib/firefox/firefox:32743): Gtk-WARNING **: 14:19:47.738: Theme parsing error: gtk.css:8933:19: not a number

(/usr/lib/firefox/firefox:32743): Gtk-WARNING **: 14:19:47.738: Theme parsing error: gtk.css:8951:15: 'bcbcbc' is not a valid color name

(/usr/lib/firefox/firefox:32743): Gtk-WARNING **: 14:19:47.740: Theme parsing error: gtk.css:10377:20: Not a valid image
1566031787860	Marionette	INFO	Listening on port 43969
1566031787882	Marionette	WARN	TLS certificate errors will be ignored for this session

(/usr/lib/firefox/firefox:32689): dconf-WARNING **: 14:19:50.546: Unable to open /var/lib/snapd/desktop/dconf/profile/user: Permission denied
JavaScript error: chrome://browser/content/browser.js, line 3209: TypeError: Cc['@mozilla.org/security/certoverride;1'] is undefined
1566031814254	Marionette	INFO	Stopped listening on port 43969
1566031816544	mozrunner::runner	INFO	Running command: "/usr/bin/firefox" "-marionette" "-foreground" "-no-remote" "-profile" "/tmp/rust_mozprofile.Y5bUNaXIOboP"

(firefox:367): Gtk-WARNING **: 14:20:16.574: Theme parsing error: gtk.css:559:1: Expected a valid selector

(firefox:367): Gtk-WARNING **: 14:20:16.575: Theme parsing error: gtk.css:1148:2: Expected semicolon

(firefox:367): Gtk-WARNING **: 14:20:16.575: Theme parsing error: gtk.css:1489:27: Expected a valid selector

(firefox:367): Gtk-WARNING **: 14:20:16.575: Theme parsing error: gtk.css:1618:15: 'bborder-color' is not a valid property name

(firefox:367): Gtk-WARNING **: 14:20:16.576: Theme parsing error: gtk.css:1622:20: Expected a valid selector

(firefox:367): Gtk-WARNING **: 14:20:16.576: Theme parsing error: gtk.css:1988:15: 'bborder-color' is not a valid property name

(firefox:367): Gtk-WARNING **: 14:20:16.581: Theme parsing error: gtk.css:4363:2: Expected semicolon

(firefox:367): Gtk-WARNING **: 14:20:16.583: Theme parsing error: gtk.css:4994:2: Junk at end of value for border-radius

(firefox:367): Gtk-WARNING **: 14:20:16.586: Theme parsing error: gtk.css:6305:26: Expected a valid selector

(firefox:367): Gtk-WARNING **: 14:20:16.588: Theme parsing error: gtk.css:7321:26: Expected a valid selector

(firefox:367): Gtk-WARNING **: 14:20:16.589: Theme parsing error: gtk.css:8201:64: Junk at end of value for background-image

(firefox:367): Gtk-WARNING **: 14:20:16.590: Theme parsing error: gtk.css:8820:55: Using one color stop with linear-gradient() is deprecated.

(firefox:367): Gtk-WARNING **: 14:20:16.590: Theme parsing error: gtk.css:8820:55: Missing closing bracket at end of linear gradient

(firefox:367): Gtk-WARNING **: 14:20:16.590: Theme parsing error: gtk.css:8933:19: not a number

(firefox:367): Gtk-WARNING **: 14:20:16.590: Theme parsing error: gtk.css:8951:15: 'bcbcbc' is not a valid color name

(firefox:367): Gtk-WARNING **: 14:20:16.592: Theme parsing error: gtk.css:10377:20: Not a valid image
1566031817402	addons.webextension.screenshots@mozilla.org	WARN	Loading extension 'screenshots@mozilla.org': Reading manifest: Invalid extension permission: mozillaAddons
1566031817402	addons.webextension.screenshots@mozilla.org	WARN	Loading extension 'screenshots@mozilla.org': Reading manifest: Invalid extension permission: telemetry
1566031817402	addons.webextension.screenshots@mozilla.org	WARN	Loading extension 'screenshots@mozilla.org': Reading manifest: Invalid extension permission: resource://pdf.js/
1566031817402	addons.webextension.screenshots@mozilla.org	WARN	Loading extension 'screenshots@mozilla.org': Reading manifest: Invalid extension permission: about:reader*

(/usr/lib/firefox/firefox:461): Gtk-WARNING **: 14:20:19.174: Theme parsing error: gtk.css:559:1: Expected a valid selector

(/usr/lib/firefox/firefox:461): Gtk-WARNING **: 14:20:19.176: Theme parsing error: gtk.css:1148:2: Expected semicolon

(/usr/lib/firefox/firefox:461): Gtk-WARNING **: 14:20:19.177: Theme parsing error: gtk.css:1489:27: Expected a valid selector

(/usr/lib/firefox/firefox:461): Gtk-WARNING **: 14:20:19.178: Theme parsing error: gtk.css:1618:15: 'bborder-color' is not a valid property name

(/usr/lib/firefox/firefox:461): Gtk-WARNING **: 14:20:19.178: Theme parsing error: gtk.css:1622:20: Expected a valid selector

(/usr/lib/firefox/firefox:461): Gtk-WARNING **: 14:20:19.180: Theme parsing error: gtk.css:1988:15: 'bborder-color' is not a valid property name

(/usr/lib/firefox/firefox:461): Gtk-WARNING **: 14:20:19.186: Theme parsing error: gtk.css:4363:2: Expected semicolon

(/usr/lib/firefox/firefox:461): Gtk-WARNING **: 14:20:19.187: Theme parsing error: gtk.css:4994:2: Junk at end of value for border-radius

(/usr/lib/firefox/firefox:461): Gtk-WARNING **: 14:20:19.189: Theme parsing error: gtk.css:6305:26: Expected a valid selector

(/usr/lib/firefox/firefox:461): Gtk-WARNING **: 14:20:19.192: Theme parsing error: gtk.css:7321:26: Expected a valid selector

(/usr/lib/firefox/firefox:461): Gtk-WARNING **: 14:20:19.194: Theme parsing error: gtk.css:8201:64: Junk at end of value for background-image

(/usr/lib/firefox/firefox:461): Gtk-WARNING **: 14:20:19.195: Theme parsing error: gtk.css:8820:55: Using one color stop with linear-gradient() is deprecated.

(/usr/lib/firefox/firefox:461): Gtk-WARNING **: 14:20:19.195: Theme parsing error: gtk.css:8820:55: Missing closing bracket at end of linear gradient

(/usr/lib/firefox/firefox:461): Gtk-WARNING **: 14:20:19.195: Theme parsing error: gtk.css:8933:19: not a number

(/usr/lib/firefox/firefox:461): Gtk-WARNING **: 14:20:19.195: Theme parsing error: gtk.css:8951:15: 'bcbcbc' is not a valid color name

(/usr/lib/firefox/firefox:461): Gtk-WARNING **: 14:20:19.197: Theme parsing error: gtk.css:10377:20: Not a valid image

(/usr/lib/firefox/firefox:481): Gtk-WARNING **: 14:20:19.396: Theme parsing error: gtk.css:559:1: Expected a valid selector

(/usr/lib/firefox/firefox:481): Gtk-WARNING **: 14:20:19.398: Theme parsing error: gtk.css:1148:2: Expected semicolon

(/usr/lib/firefox/firefox:481): Gtk-WARNING **: 14:20:19.399: Theme parsing error: gtk.css:1489:27: Expected a valid selector

(/usr/lib/firefox/firefox:481): Gtk-WARNING **: 14:20:19.400: Theme parsing error: gtk.css:1618:15: 'bborder-color' is not a valid property name

(/usr/lib/firefox/firefox:481): Gtk-WARNING **: 14:20:19.400: Theme parsing error: gtk.css:1622:20: Expected a valid selector

(/usr/lib/firefox/firefox:481): Gtk-WARNING **: 14:20:19.401: Theme parsing error: gtk.css:1988:15: 'bborder-color' is not a valid property name

(/usr/lib/firefox/firefox:481): Gtk-WARNING **: 14:20:19.410: Theme parsing error: gtk.css:4363:2: Expected semicolon

(/usr/lib/firefox/firefox:481): Gtk-WARNING **: 14:20:19.412: Theme parsing error: gtk.css:4994:2: Junk at end of value for border-radius

(/usr/lib/firefox/firefox:481): Gtk-WARNING **: 14:20:19.415: Theme parsing error: gtk.css:6305:26: Expected a valid selector

(/usr/lib/firefox/firefox:481): Gtk-WARNING **: 14:20:19.418: Theme parsing error: gtk.css:7321:26: Expected a valid selector

(/usr/lib/firefox/firefox:481): Gtk-WARNING **: 14:20:19.420: Theme parsing error: gtk.css:8201:64: Junk at end of value for background-image

(/usr/lib/firefox/firefox:481): Gtk-WARNING **: 14:20:19.421: Theme parsing error: gtk.css:8820:55: Using one color stop with linear-gradient() is deprecated.

(/usr/lib/firefox/firefox:481): Gtk-WARNING **: 14:20:19.421: Theme parsing error: gtk.css:8820:55: Missing closing bracket at end of linear gradient

(/usr/lib/firefox/firefox:481): Gtk-WARNING **: 14:20:19.422: Theme parsing error: gtk.css:8933:19: not a number

(/usr/lib/firefox/firefox:481): Gtk-WARNING **: 14:20:19.422: Theme parsing error: gtk.css:8951:15: 'bcbcbc' is not a valid color name

(/usr/lib/firefox/firefox:481): Gtk-WARNING **: 14:20:19.425: Theme parsing error: gtk.css:10377:20: Not a valid image

(/usr/lib/firefox/firefox:538): Gtk-WARNING **: 14:20:20.482: Theme parsing error: gtk.css:559:1: Expected a valid selector

(/usr/lib/firefox/firefox:538): Gtk-WARNING **: 14:20:20.484: Theme parsing error: gtk.css:1148:2: Expected semicolon

(/usr/lib/firefox/firefox:538): Gtk-WARNING **: 14:20:20.488: Theme parsing error: gtk.css:1489:27: Expected a valid selector

(/usr/lib/firefox/firefox:538): Gtk-WARNING **: 14:20:20.488: Theme parsing error: gtk.css:1618:15: 'bborder-color' is not a valid property name

(/usr/lib/firefox/firefox:538): Gtk-WARNING **: 14:20:20.488: Theme parsing error: gtk.css:1622:20: Expected a valid selector

(/usr/lib/firefox/firefox:538): Gtk-WARNING **: 14:20:20.490: Theme parsing error: gtk.css:1988:15: 'bborder-color' is not a valid property name

(/usr/lib/firefox/firefox:538): Gtk-WARNING **: 14:20:20.500: Theme parsing error: gtk.css:4363:2: Expected semicolon

(/usr/lib/firefox/firefox:538): Gtk-WARNING **: 14:20:20.502: Theme parsing error: gtk.css:4994:2: Junk at end of value for border-radius

(/usr/lib/firefox/firefox:538): Gtk-WARNING **: 14:20:20.505: Theme parsing error: gtk.css:6305:26: Expected a valid selector

(/usr/lib/firefox/firefox:538): Gtk-WARNING **: 14:20:20.508: Theme parsing error: gtk.css:7321:26: Expected a valid selector

(/usr/lib/firefox/firefox:538): Gtk-WARNING **: 14:20:20.510: Theme parsing error: gtk.css:8201:64: Junk at end of value for background-image

(/usr/lib/firefox/firefox:538): Gtk-WARNING **: 14:20:20.515: Theme parsing error: gtk.css:8820:55: Using one color stop with linear-gradient() is deprecated.

(/usr/lib/firefox/firefox:538): Gtk-WARNING **: 14:20:20.515: Theme parsing error: gtk.css:8820:55: Missing closing bracket at end of linear gradient

(/usr/lib/firefox/firefox:538): Gtk-WARNING **: 14:20:20.517: Theme parsing error: gtk.css:8933:19: not a number

(/usr/lib/firefox/firefox:538): Gtk-WARNING **: 14:20:20.517: Theme parsing error: gtk.css:8951:15: 'bcbcbc' is not a valid color name

(/usr/lib/firefox/firefox:538): Gtk-WARNING **: 14:20:20.520: Theme parsing error: gtk.css:10377:20: Not a valid image
1566031820991	Marionette	INFO	Listening on port 36669
1566031821062	Marionette	WARN	TLS certificate errors will be ignored for this session
1566031821779	Marionette	INFO	Stopped listening on port 36669
JavaScript error: resource://activity-stream/lib/ActivityStreamPrefs.jsm, line 23: NS_ERROR_ILLEGAL_VALUE: Component returned failure code: 0x80070057 (NS_ERROR_ILLEGAL_VALUE) [nsIPrefBranch.removeObserver]

###!!! [Child][RunMessage] Error: Channel closing: too late to send/recv, messages will be lost


###!!! [Child][RunMessage] Error: Channel closing: too late to send/recv, messages will be lost

JavaScript error: resource://gre/modules/JSONFile.jsm, line 159: Error: Data is not ready.
console.error: PushService: 
console.log: "RemoteSettingsWorker error: UnknownError: The operation failed for reasons unrelated to the database itself and not covered by any other error code."
  clearOriginData: Error clearing origin data:
  UnknownError
console.error: PushService: 
  stateChangeProcessEnqueue: Error transitioning state
  UnknownError

###!!! [Parent][DispatchAsyncMessage] Error: PBackgroundIDBFactory::Msg_PBackgroundIDBFactoryRequestConstructor Value error: message was deserialized, but contained an illegal value


###!!! [Parent][DispatchAsyncMessage] Error: PBackgroundIDBFactory::Msg_PBackgroundIDBFactoryRequestConstructor Value error: message was deserialized, but contained an illegal value

JavaScript error: resource://services-common/kinto-offline-client.js, line 579: Error: IndexedDB getLastModified() The operation failed for reasons unrelated to the database itself and not covered by any other error code.
1566033381147	mozrunner::runner	INFO	Running command: "/usr/bin/firefox" "-marionette" "-foreground" "-no-remote" "-profile" "/tmp/rust_mozprofile.AwnyNSkbrdCx"

(firefox:2041): Gtk-WARNING **: 14:46:21.197: Theme parsing error: gtk.css:559:1: Expected a valid selector

(firefox:2041): Gtk-WARNING **: 14:46:21.198: Theme parsing error: gtk.css:1148:2: Expected semicolon

(firefox:2041): Gtk-WARNING **: 14:46:21.199: Theme parsing error: gtk.css:1489:27: Expected a valid selector

(firefox:2041): Gtk-WARNING **: 14:46:21.199: Theme parsing error: gtk.css:1618:15: 'bborder-color' is not a valid property name

(firefox:2041): Gtk-WARNING **: 14:46:21.199: Theme parsing error: gtk.css:1622:20: Expected a valid selector

(firefox:2041): Gtk-WARNING **: 14:46:21.200: Theme parsing error: gtk.css:1988:15: 'bborder-color' is not a valid property name

(firefox:2041): Gtk-WARNING **: 14:46:21.203: Theme parsing error: gtk.css:4363:2: Expected semicolon

(firefox:2041): Gtk-WARNING **: 14:46:21.205: Theme parsing error: gtk.css:4994:2: Junk at end of value for border-radius

(firefox:2041): Gtk-WARNING **: 14:46:21.207: Theme parsing error: gtk.css:6305:26: Expected a valid selector

(firefox:2041): Gtk-WARNING **: 14:46:21.209: Theme parsing error: gtk.css:7321:26: Expected a valid selector

(firefox:2041): Gtk-WARNING **: 14:46:21.211: Theme parsing error: gtk.css:8201:64: Junk at end of value for background-image

(firefox:2041): Gtk-WARNING **: 14:46:21.213: Theme parsing error: gtk.css:8820:55: Using one color stop with linear-gradient() is deprecated.

(firefox:2041): Gtk-WARNING **: 14:46:21.213: Theme parsing error: gtk.css:8820:55: Missing closing bracket at end of linear gradient

(firefox:2041): Gtk-WARNING **: 14:46:21.213: Theme parsing error: gtk.css:8933:19: not a number

(firefox:2041): Gtk-WARNING **: 14:46:21.213: Theme parsing error: gtk.css:8951:15: 'bcbcbc' is not a valid color name

(firefox:2041): Gtk-WARNING **: 14:46:21.218: Theme parsing error: gtk.css:10377:20: Not a valid image
1566033382086	addons.webextension.screenshots@mozilla.org	WARN	Loading extension 'screenshots@mozilla.org': Reading manifest: Invalid extension permission: mozillaAddons
1566033382086	addons.webextension.screenshots@mozilla.org	WARN	Loading extension 'screenshots@mozilla.org': Reading manifest: Invalid extension permission: telemetry
1566033382086	addons.webextension.screenshots@mozilla.org	WARN	Loading extension 'screenshots@mozilla.org': Reading manifest: Invalid extension permission: resource://pdf.js/
1566033382086	addons.webextension.screenshots@mozilla.org	WARN	Loading extension 'screenshots@mozilla.org': Reading manifest: Invalid extension permission: about:reader*

(/usr/lib/firefox/firefox:2200): Gtk-WARNING **: 14:46:23.405: Theme parsing error: gtk.css:559:1: Expected a valid selector

(/usr/lib/firefox/firefox:2200): Gtk-WARNING **: 14:46:23.406: Theme parsing error: gtk.css:1148:2: Expected semicolon

(/usr/lib/firefox/firefox:2200): Gtk-WARNING **: 14:46:23.407: Theme parsing error: gtk.css:1489:27: Expected a valid selector

(/usr/lib/firefox/firefox:2200): Gtk-WARNING **: 14:46:23.408: Theme parsing error: gtk.css:1618:15: 'bborder-color' is not a valid property name

(/usr/lib/firefox/firefox:2200): Gtk-WARNING **: 14:46:23.408: Theme parsing error: gtk.css:1622:20: Expected a valid selector

(/usr/lib/firefox/firefox:2200): Gtk-WARNING **: 14:46:23.409: Theme parsing error: gtk.css:1988:15: 'bborder-color' is not a valid property name

(/usr/lib/firefox/firefox:2200): Gtk-WARNING **: 14:46:23.415: Theme parsing error: gtk.css:4363:2: Expected semicolon

(/usr/lib/firefox/firefox:2200): Gtk-WARNING **: 14:46:23.417: Theme parsing error: gtk.css:4994:2: Junk at end of value for border-radius

(/usr/lib/firefox/firefox:2200): Gtk-WARNING **: 14:46:23.421: Theme parsing error: gtk.css:6305:26: Expected a valid selector

(/usr/lib/firefox/firefox:2200): Gtk-WARNING **: 14:46:23.423: Theme parsing error: gtk.css:7321:26: Expected a valid selector

(/usr/lib/firefox/firefox:2200): Gtk-WARNING **: 14:46:23.427: Theme parsing error: gtk.css:8201:64: Junk at end of value for background-image

(/usr/lib/firefox/firefox:2200): Gtk-WARNING **: 14:46:23.429: Theme parsing error: gtk.css:8820:55: Using one color stop with linear-gradient() is deprecated.

(/usr/lib/firefox/firefox:2200): Gtk-WARNING **: 14:46:23.429: Theme parsing error: gtk.css:8820:55: Missing closing bracket at end of linear gradient

(/usr/lib/firefox/firefox:2200): Gtk-WARNING **: 14:46:23.429: Theme parsing error: gtk.css:8933:19: not a number

(/usr/lib/firefox/firefox:2200): Gtk-WARNING **: 14:46:23.429: Theme parsing error: gtk.css:8951:15: 'bcbcbc' is not a valid color name

(/usr/lib/firefox/firefox:2200): Gtk-WARNING **: 14:46:23.433: Theme parsing error: gtk.css:10377:20: Not a valid image

(/usr/lib/firefox/firefox:2222): Gtk-WARNING **: 14:46:23.627: Theme parsing error: gtk.css:559:1: Expected a valid selector

(/usr/lib/firefox/firefox:2222): Gtk-WARNING **: 14:46:23.629: Theme parsing error: gtk.css:1148:2: Expected semicolon

(/usr/lib/firefox/firefox:2222): Gtk-WARNING **: 14:46:23.631: Theme parsing error: gtk.css:1489:27: Expected a valid selector

(/usr/lib/firefox/firefox:2222): Gtk-WARNING **: 14:46:23.631: Theme parsing error: gtk.css:1618:15: 'bborder-color' is not a valid property name

(/usr/lib/firefox/firefox:2222): Gtk-WARNING **: 14:46:23.631: Theme parsing error: gtk.css:1622:20: Expected a valid selector

(/usr/lib/firefox/firefox:2222): Gtk-WARNING **: 14:46:23.633: Theme parsing error: gtk.css:1988:15: 'bborder-color' is not a valid property name

(/usr/lib/firefox/firefox:2222): Gtk-WARNING **: 14:46:23.642: Theme parsing error: gtk.css:4363:2: Expected semicolon

(/usr/lib/firefox/firefox:2222): Gtk-WARNING **: 14:46:23.645: Theme parsing error: gtk.css:4994:2: Junk at end of value for border-radius

(/usr/lib/firefox/firefox:2222): Gtk-WARNING **: 14:46:23.651: Theme parsing error: gtk.css:6305:26: Expected a valid selector

(/usr/lib/firefox/firefox:2222): Gtk-WARNING **: 14:46:23.656: Theme parsing error: gtk.css:7321:26: Expected a valid selector

(/usr/lib/firefox/firefox:2222): Gtk-WARNING **: 14:46:23.660: Theme parsing error: gtk.css:8201:64: Junk at end of value for background-image

(/usr/lib/firefox/firefox:2222): Gtk-WARNING **: 14:46:23.662: Theme parsing error: gtk.css:8820:55: Using one color stop with linear-gradient() is deprecated.

(/usr/lib/firefox/firefox:2222): Gtk-WARNING **: 14:46:23.662: Theme parsing error: gtk.css:8820:55: Missing closing bracket at end of linear gradient

(/usr/lib/firefox/firefox:2222): Gtk-WARNING **: 14:46:23.663: Theme parsing error: gtk.css:8933:19: not a number

(/usr/lib/firefox/firefox:2222): Gtk-WARNING **: 14:46:23.663: Theme parsing error: gtk.css:8951:15: 'bcbcbc' is not a valid color name

(/usr/lib/firefox/firefox:2222): Gtk-WARNING **: 14:46:23.670: Theme parsing error: gtk.css:10377:20: Not a valid image

(/usr/lib/firefox/firefox:2304): Gtk-WARNING **: 14:46:24.991: Theme parsing error: gtk.css:559:1: Expected a valid selector

(/usr/lib/firefox/firefox:2304): Gtk-WARNING **: 14:46:24.993: Theme parsing error: gtk.css:1148:2: Expected semicolon

(/usr/lib/firefox/firefox:2304): Gtk-WARNING **: 14:46:24.993: Theme parsing error: gtk.css:1489:27: Expected a valid selector

(/usr/lib/firefox/firefox:2304): Gtk-WARNING **: 14:46:24.994: Theme parsing error: gtk.css:1618:15: 'bborder-color' is not a valid property name

(/usr/lib/firefox/firefox:2304): Gtk-WARNING **: 14:46:24.994: Theme parsing error: gtk.css:1622:20: Expected a valid selector

(/usr/lib/firefox/firefox:2304): Gtk-WARNING **: 14:46:24.995: Theme parsing error: gtk.css:1988:15: 'bborder-color' is not a valid property name

(/usr/lib/firefox/firefox:2304): Gtk-WARNING **: 14:46:25.001: Theme parsing error: gtk.css:4363:2: Expected semicolon

(/usr/lib/firefox/firefox:2304): Gtk-WARNING **: 14:46:25.002: Theme parsing error: gtk.css:4994:2: Junk at end of value for border-radius

(/usr/lib/firefox/firefox:2304): Gtk-WARNING **: 14:46:25.004: Theme parsing error: gtk.css:6305:26: Expected a valid selector

(/usr/lib/firefox/firefox:2304): Gtk-WARNING **: 14:46:25.006: Theme parsing error: gtk.css:7321:26: Expected a valid selector

(/usr/lib/firefox/firefox:2304): Gtk-WARNING **: 14:46:25.008: Theme parsing error: gtk.css:8201:64: Junk at end of value for background-image

(/usr/lib/firefox/firefox:2304): Gtk-WARNING **: 14:46:25.010: Theme parsing error: gtk.css:8820:55: Using one color stop with linear-gradient() is deprecated.

(/usr/lib/firefox/firefox:2304): Gtk-WARNING **: 14:46:25.010: Theme parsing error: gtk.css:8820:55: Missing closing bracket at end of linear gradient

(/usr/lib/firefox/firefox:2304): Gtk-WARNING **: 14:46:25.010: Theme parsing error: gtk.css:8933:19: not a number

(/usr/lib/firefox/firefox:2304): Gtk-WARNING **: 14:46:25.010: Theme parsing error: gtk.css:8951:15: 'bcbcbc' is not a valid color name

(/usr/lib/firefox/firefox:2304): Gtk-WARNING **: 14:46:25.012: Theme parsing error: gtk.css:10377:20: Not a valid image
1566033385429	Marionette	INFO	Listening on port 37575
1566033385477	Marionette	WARN	TLS certificate errors will be ignored for this session

(/usr/lib/firefox/firefox:2222): dconf-WARNING **: 14:47:00.397: Unable to open /var/lib/snapd/desktop/dconf/profile/user: Permission denied
1566033436696	Marionette	INFO	Stopped listening on port 37575
1566033450578	mozrunner::runner	INFO	Running command: "/usr/bin/firefox" "-marionette" "-foreground" "-no-remote" "-profile" "/tmp/rust_mozprofile.AbN80xA5nrPM"

(firefox:2494): Gtk-WARNING **: 14:47:30.747: Theme parsing error: gtk.css:559:1: Expected a valid selector

(firefox:2494): Gtk-WARNING **: 14:47:30.755: Theme parsing error: gtk.css:1148:2: Expected semicolon

(firefox:2494): Gtk-WARNING **: 14:47:30.768: Theme parsing error: gtk.css:1489:27: Expected a valid selector

(firefox:2494): Gtk-WARNING **: 14:47:30.770: Theme parsing error: gtk.css:1618:15: 'bborder-color' is not a valid property name

(firefox:2494): Gtk-WARNING **: 14:47:30.770: Theme parsing error: gtk.css:1622:20: Expected a valid selector

(firefox:2494): Gtk-WARNING **: 14:47:30.777: Theme parsing error: gtk.css:1988:15: 'bborder-color' is not a valid property name

(firefox:2494): Gtk-WARNING **: 14:47:30.794: Theme parsing error: gtk.css:4363:2: Expected semicolon

(firefox:2494): Gtk-WARNING **: 14:47:30.802: Theme parsing error: gtk.css:4994:2: Junk at end of value for border-radius

(firefox:2494): Gtk-WARNING **: 14:47:30.811: Theme parsing error: gtk.css:6305:26: Expected a valid selector

(firefox:2494): Gtk-WARNING **: 14:47:30.823: Theme parsing error: gtk.css:7321:26: Expected a valid selector

(firefox:2494): Gtk-WARNING **: 14:47:30.830: Theme parsing error: gtk.css:8201:64: Junk at end of value for background-image

(firefox:2494): Gtk-WARNING **: 14:47:30.835: Theme parsing error: gtk.css:8820:55: Using one color stop with linear-gradient() is deprecated.

(firefox:2494): Gtk-WARNING **: 14:47:30.835: Theme parsing error: gtk.css:8820:55: Missing closing bracket at end of linear gradient

(firefox:2494): Gtk-WARNING **: 14:47:30.838: Theme parsing error: gtk.css:8933:19: not a number

(firefox:2494): Gtk-WARNING **: 14:47:30.838: Theme parsing error: gtk.css:8951:15: 'bcbcbc' is not a valid color name

(firefox:2494): Gtk-WARNING **: 14:47:30.846: Theme parsing error: gtk.css:10377:20: Not a valid image
1566033453021	addons.webextension.screenshots@mozilla.org	WARN	Loading extension 'screenshots@mozilla.org': Reading manifest: Invalid extension permission: mozillaAddons
1566033453022	addons.webextension.screenshots@mozilla.org	WARN	Loading extension 'screenshots@mozilla.org': Reading manifest: Invalid extension permission: telemetry
1566033453022	addons.webextension.screenshots@mozilla.org	WARN	Loading extension 'screenshots@mozilla.org': Reading manifest: Invalid extension permission: resource://pdf.js/
1566033453022	addons.webextension.screenshots@mozilla.org	WARN	Loading extension 'screenshots@mozilla.org': Reading manifest: Invalid extension permission: about:reader*

(/usr/lib/firefox/firefox:2546): Gtk-WARNING **: 14:47:35.566: Theme parsing error: gtk.css:559:1: Expected a valid selector

(/usr/lib/firefox/firefox:2546): Gtk-WARNING **: 14:47:35.575: Theme parsing error: gtk.css:1148:2: Expected semicolon

(/usr/lib/firefox/firefox:2546): Gtk-WARNING **: 14:47:35.578: Theme parsing error: gtk.css:1489:27: Expected a valid selector

(/usr/lib/firefox/firefox:2546): Gtk-WARNING **: 14:47:35.580: Theme parsing error: gtk.css:1618:15: 'bborder-color' is not a valid property name

(/usr/lib/firefox/firefox:2546): Gtk-WARNING **: 14:47:35.580: Theme parsing error: gtk.css:1622:20: Expected a valid selector

(/usr/lib/firefox/firefox:2546): Gtk-WARNING **: 14:47:35.584: Theme parsing error: gtk.css:1988:15: 'bborder-color' is not a valid property name

(/usr/lib/firefox/firefox:2546): Gtk-WARNING **: 14:47:35.602: Theme parsing error: gtk.css:4363:2: Expected semicolon

(/usr/lib/firefox/firefox:2546): Gtk-WARNING **: 14:47:35.606: Theme parsing error: gtk.css:4994:2: Junk at end of value for border-radius

(/usr/lib/firefox/firefox:2546): Gtk-WARNING **: 14:47:35.614: Theme parsing error: gtk.css:6305:26: Expected a valid selector

(/usr/lib/firefox/firefox:2546): Gtk-WARNING **: 14:47:35.622: Theme parsing error: gtk.css:7321:26: Expected a valid selector

(/usr/lib/firefox/firefox:2546): Gtk-WARNING **: 14:47:35.633: Theme parsing error: gtk.css:8201:64: Junk at end of value for background-image

(/usr/lib/firefox/firefox:2546): Gtk-WARNING **: 14:47:35.635: Theme parsing error: gtk.css:8820:55: Using one color stop with linear-gradient() is deprecated.

(/usr/lib/firefox/firefox:2546): Gtk-WARNING **: 14:47:35.636: Theme parsing error: gtk.css:8820:55: Missing closing bracket at end of linear gradient

(/usr/lib/firefox/firefox:2546): Gtk-WARNING **: 14:47:35.636: Theme parsing error: gtk.css:8933:19: not a number

(/usr/lib/firefox/firefox:2546): Gtk-WARNING **: 14:47:35.637: Theme parsing error: gtk.css:8951:15: 'bcbcbc' is not a valid color name

(/usr/lib/firefox/firefox:2546): Gtk-WARNING **: 14:47:35.648: Theme parsing error: gtk.css:10377:20: Not a valid image

(/usr/lib/firefox/firefox:2565): Gtk-WARNING **: 14:47:36.268: Theme parsing error: gtk.css:559:1: Expected a valid selector

(/usr/lib/firefox/firefox:2565): Gtk-WARNING **: 14:47:36.271: Theme parsing error: gtk.css:1148:2: Expected semicolon

(/usr/lib/firefox/firefox:2565): Gtk-WARNING **: 14:47:36.280: Theme parsing error: gtk.css:1489:27: Expected a valid selector

(/usr/lib/firefox/firefox:2565): Gtk-WARNING **: 14:47:36.287: Theme parsing error: gtk.css:1618:15: 'bborder-color' is not a valid property name

(/usr/lib/firefox/firefox:2565): Gtk-WARNING **: 14:47:36.288: Theme parsing error: gtk.css:1622:20: Expected a valid selector

(/usr/lib/firefox/firefox:2565): Gtk-WARNING **: 14:47:36.289: Theme parsing error: gtk.css:1988:15: 'bborder-color' is not a valid property name

(/usr/lib/firefox/firefox:2565): Gtk-WARNING **: 14:47:36.313: Theme parsing error: gtk.css:4363:2: Expected semicolon

(/usr/lib/firefox/firefox:2565): Gtk-WARNING **: 14:47:36.316: Theme parsing error: gtk.css:4994:2: Junk at end of value for border-radius

(/usr/lib/firefox/firefox:2565): Gtk-WARNING **: 14:47:36.334: Theme parsing error: gtk.css:6305:26: Expected a valid selector

(/usr/lib/firefox/firefox:2565): Gtk-WARNING **: 14:47:36.338: Theme parsing error: gtk.css:7321:26: Expected a valid selector

(/usr/lib/firefox/firefox:2565): Gtk-WARNING **: 14:47:36.341: Theme parsing error: gtk.css:8201:64: Junk at end of value for background-image

(/usr/lib/firefox/firefox:2565): Gtk-WARNING **: 14:47:36.342: Theme parsing error: gtk.css:8820:55: Using one color stop with linear-gradient() is deprecated.

(/usr/lib/firefox/firefox:2565): Gtk-WARNING **: 14:47:36.343: Theme parsing error: gtk.css:8820:55: Missing closing bracket at end of linear gradient

(/usr/lib/firefox/firefox:2565): Gtk-WARNING **: 14:47:36.344: Theme parsing error: gtk.css:8933:19: not a number

(/usr/lib/firefox/firefox:2565): Gtk-WARNING **: 14:47:36.345: Theme parsing error: gtk.css:8951:15: 'bcbcbc' is not a valid color name

(/usr/lib/firefox/firefox:2565): Gtk-WARNING **: 14:47:36.357: Theme parsing error: gtk.css:10377:20: Not a valid image

(/usr/lib/firefox/firefox:2626): Gtk-WARNING **: 14:47:39.887: Theme parsing error: gtk.css:559:1: Expected a valid selector

(/usr/lib/firefox/firefox:2626): Gtk-WARNING **: 14:47:39.892: Theme parsing error: gtk.css:1148:2: Expected semicolon

(/usr/lib/firefox/firefox:2626): Gtk-WARNING **: 14:47:39.894: Theme parsing error: gtk.css:1489:27: Expected a valid selector

(/usr/lib/firefox/firefox:2626): Gtk-WARNING **: 14:47:39.895: Theme parsing error: gtk.css:1618:15: 'bborder-color' is not a valid property name

(/usr/lib/firefox/firefox:2626): Gtk-WARNING **: 14:47:39.897: Theme parsing error: gtk.css:1622:20: Expected a valid selector

(/usr/lib/firefox/firefox:2626): Gtk-WARNING **: 14:47:39.900: Theme parsing error: gtk.css:1988:15: 'bborder-color' is not a valid property name

(/usr/lib/firefox/firefox:2626): Gtk-WARNING **: 14:47:39.915: Theme parsing error: gtk.css:4363:2: Expected semicolon

(/usr/lib/firefox/firefox:2626): Gtk-WARNING **: 14:47:39.918: Theme parsing error: gtk.css:4994:2: Junk at end of value for border-radius

(/usr/lib/firefox/firefox:2626): Gtk-WARNING **: 14:47:39.926: Theme parsing error: gtk.css:6305:26: Expected a valid selector

(/usr/lib/firefox/firefox:2626): Gtk-WARNING **: 14:47:39.931: Theme parsing error: gtk.css:7321:26: Expected a valid selector

(/usr/lib/firefox/firefox:2626): Gtk-WARNING **: 14:47:39.942: Theme parsing error: gtk.css:8201:64: Junk at end of value for background-image

(/usr/lib/firefox/firefox:2626): Gtk-WARNING **: 14:47:39.949: Theme parsing error: gtk.css:8820:55: Using one color stop with linear-gradient() is deprecated.

(/usr/lib/firefox/firefox:2626): Gtk-WARNING **: 14:47:39.949: Theme parsing error: gtk.css:8820:55: Missing closing bracket at end of linear gradient

(/usr/lib/firefox/firefox:2626): Gtk-WARNING **: 14:47:39.949: Theme parsing error: gtk.css:8933:19: not a number

(/usr/lib/firefox/firefox:2626): Gtk-WARNING **: 14:47:39.949: Theme parsing error: gtk.css:8951:15: 'bcbcbc' is not a valid color name

(/usr/lib/firefox/firefox:2626): Gtk-WARNING **: 14:47:39.954: Theme parsing error: gtk.css:10377:20: Not a valid image
1566033461034	Marionette	INFO	Listening on port 43267
1566033461137	Marionette	WARN	TLS certificate errors will be ignored for this session

(/usr/lib/firefox/firefox:2565): dconf-WARNING **: 14:47:43.078: Unable to open /var/lib/snapd/desktop/dconf/profile/user: Permission denied
1566033463520	Marionette	INFO	Stopped listening on port 43267
1566056366830	mozrunner::runner	INFO	Running command: "/usr/bin/firefox" "-marionette" "-foreground" "-no-remote" "-profile" "/tmp/rust_mozprofile.hyvAWXROOVE7"

(firefox:15941): Gtk-WARNING **: 21:09:27.815: Theme parsing error: gtk.css:559:1: Expected a valid selector

(firefox:15941): Gtk-WARNING **: 21:09:27.818: Theme parsing error: gtk.css:1148:2: Expected semicolon

(firefox:15941): Gtk-WARNING **: 21:09:27.819: Theme parsing error: gtk.css:1489:27: Expected a valid selector

(firefox:15941): Gtk-WARNING **: 21:09:27.820: Theme parsing error: gtk.css:1618:15: 'bborder-color' is not a valid property name

(firefox:15941): Gtk-WARNING **: 21:09:27.820: Theme parsing error: gtk.css:1622:20: Expected a valid selector

(firefox:15941): Gtk-WARNING **: 21:09:27.821: Theme parsing error: gtk.css:1988:15: 'bborder-color' is not a valid property name

(firefox:15941): Gtk-WARNING **: 21:09:27.833: Theme parsing error: gtk.css:4363:2: Expected semicolon

(firefox:15941): Gtk-WARNING **: 21:09:27.836: Theme parsing error: gtk.css:4994:2: Junk at end of value for border-radius

(firefox:15941): Gtk-WARNING **: 21:09:27.839: Theme parsing error: gtk.css:6305:26: Expected a valid selector

(firefox:15941): Gtk-WARNING **: 21:09:27.843: Theme parsing error: gtk.css:7321:26: Expected a valid selector

(firefox:15941): Gtk-WARNING **: 21:09:27.846: Theme parsing error: gtk.css:8201:64: Junk at end of value for background-image

(firefox:15941): Gtk-WARNING **: 21:09:27.848: Theme parsing error: gtk.css:8820:55: Using one color stop with linear-gradient() is deprecated.

(firefox:15941): Gtk-WARNING **: 21:09:27.848: Theme parsing error: gtk.css:8820:55: Missing closing bracket at end of linear gradient

(firefox:15941): Gtk-WARNING **: 21:09:27.848: Theme parsing error: gtk.css:8933:19: not a number

(firefox:15941): Gtk-WARNING **: 21:09:27.849: Theme parsing error: gtk.css:8951:15: 'bcbcbc' is not a valid color name

(firefox:15941): Gtk-WARNING **: 21:09:27.852: Theme parsing error: gtk.css:10377:20: Not a valid image
1566056373606	addons.webextension.screenshots@mozilla.org	WARN	Loading extension 'screenshots@mozilla.org': Reading manifest: Invalid extension permission: mozillaAddons
1566056373608	addons.webextension.screenshots@mozilla.org	WARN	Loading extension 'screenshots@mozilla.org': Reading manifest: Invalid extension permission: telemetry
1566056373609	addons.webextension.screenshots@mozilla.org	WARN	Loading extension 'screenshots@mozilla.org': Reading manifest: Invalid extension permission: resource://pdf.js/
1566056373610	addons.webextension.screenshots@mozilla.org	WARN	Loading extension 'screenshots@mozilla.org': Reading manifest: Invalid extension permission: about:reader*

(/usr/lib/firefox/firefox:16035): Gtk-WARNING **: 21:09:37.729: Theme parsing error: gtk.css:559:1: Expected a valid selector

(/usr/lib/firefox/firefox:16035): Gtk-WARNING **: 21:09:37.731: Theme parsing error: gtk.css:1148:2: Expected semicolon

(/usr/lib/firefox/firefox:16035): Gtk-WARNING **: 21:09:37.734: Theme parsing error: gtk.css:1489:27: Expected a valid selector

(/usr/lib/firefox/firefox:16035): Gtk-WARNING **: 21:09:37.735: Theme parsing error: gtk.css:1618:15: 'bborder-color' is not a valid property name

(/usr/lib/firefox/firefox:16035): Gtk-WARNING **: 21:09:37.735: Theme parsing error: gtk.css:1622:20: Expected a valid selector

(/usr/lib/firefox/firefox:16035): Gtk-WARNING **: 21:09:37.736: Theme parsing error: gtk.css:1988:15: 'bborder-color' is not a valid property name

(/usr/lib/firefox/firefox:16035): Gtk-WARNING **: 21:09:37.743: Theme parsing error: gtk.css:4363:2: Expected semicolon

(/usr/lib/firefox/firefox:16035): Gtk-WARNING **: 21:09:37.744: Theme parsing error: gtk.css:4994:2: Junk at end of value for border-radius

(/usr/lib/firefox/firefox:16035): Gtk-WARNING **: 21:09:37.747: Theme parsing error: gtk.css:6305:26: Expected a valid selector

(/usr/lib/firefox/firefox:16035): Gtk-WARNING **: 21:09:37.750: Theme parsing error: gtk.css:7321:26: Expected a valid selector

(/usr/lib/firefox/firefox:16035): Gtk-WARNING **: 21:09:37.754: Theme parsing error: gtk.css:8201:64: Junk at end of value for background-image

(/usr/lib/firefox/firefox:16035): Gtk-WARNING **: 21:09:37.756: Theme parsing error: gtk.css:8820:55: Using one color stop with linear-gradient() is deprecated.

(/usr/lib/firefox/firefox:16035): Gtk-WARNING **: 21:09:37.756: Theme parsing error: gtk.css:8820:55: Missing closing bracket at end of linear gradient

(/usr/lib/firefox/firefox:16035): Gtk-WARNING **: 21:09:37.757: Theme parsing error: gtk.css:8933:19: not a number

(/usr/lib/firefox/firefox:16035): Gtk-WARNING **: 21:09:37.757: Theme parsing error: gtk.css:8951:15: 'bcbcbc' is not a valid color name

(/usr/lib/firefox/firefox:16035): Gtk-WARNING **: 21:09:37.762: Theme parsing error: gtk.css:10377:20: Not a valid image

(/usr/lib/firefox/firefox:16060): Gtk-WARNING **: 21:09:38.342: Theme parsing error: gtk.css:559:1: Expected a valid selector

(/usr/lib/firefox/firefox:16060): Gtk-WARNING **: 21:09:38.343: Theme parsing error: gtk.css:1148:2: Expected semicolon

(/usr/lib/firefox/firefox:16060): Gtk-WARNING **: 21:09:38.344: Theme parsing error: gtk.css:1489:27: Expected a valid selector

(/usr/lib/firefox/firefox:16060): Gtk-WARNING **: 21:09:38.344: Theme parsing error: gtk.css:1618:15: 'bborder-color' is not a valid property name

(/usr/lib/firefox/firefox:16060): Gtk-WARNING **: 21:09:38.344: Theme parsing error: gtk.css:1622:20: Expected a valid selector

(/usr/lib/firefox/firefox:16060): Gtk-WARNING **: 21:09:38.345: Theme parsing error: gtk.css:1988:15: 'bborder-color' is not a valid property name

(/usr/lib/firefox/firefox:16060): Gtk-WARNING **: 21:09:38.363: Theme parsing error: gtk.css:4363:2: Expected semicolon

(/usr/lib/firefox/firefox:16060): Gtk-WARNING **: 21:09:38.369: Theme parsing error: gtk.css:4994:2: Junk at end of value for border-radius

(/usr/lib/firefox/firefox:16060): Gtk-WARNING **: 21:09:38.374: Theme parsing error: gtk.css:6305:26: Expected a valid selector

(/usr/lib/firefox/firefox:16060): Gtk-WARNING **: 21:09:38.376: Theme parsing error: gtk.css:7321:26: Expected a valid selector

(/usr/lib/firefox/firefox:16060): Gtk-WARNING **: 21:09:38.378: Theme parsing error: gtk.css:8201:64: Junk at end of value for background-image

(/usr/lib/firefox/firefox:16060): Gtk-WARNING **: 21:09:38.379: Theme parsing error: gtk.css:8820:55: Using one color stop with linear-gradient() is deprecated.

(/usr/lib/firefox/firefox:16060): Gtk-WARNING **: 21:09:38.379: Theme parsing error: gtk.css:8820:55: Missing closing bracket at end of linear gradient

(/usr/lib/firefox/firefox:16060): Gtk-WARNING **: 21:09:38.380: Theme parsing error: gtk.css:8933:19: not a number

(/usr/lib/firefox/firefox:16060): Gtk-WARNING **: 21:09:38.380: Theme parsing error: gtk.css:8951:15: 'bcbcbc' is not a valid color name

(/usr/lib/firefox/firefox:16060): Gtk-WARNING **: 21:09:38.385: Theme parsing error: gtk.css:10377:20: Not a valid image

(/usr/lib/firefox/firefox:16110): Gtk-WARNING **: 21:09:41.371: Theme parsing error: gtk.css:559:1: Expected a valid selector

(/usr/lib/firefox/firefox:16110): Gtk-WARNING **: 21:09:41.374: Theme parsing error: gtk.css:1148:2: Expected semicolon

(/usr/lib/firefox/firefox:16110): Gtk-WARNING **: 21:09:41.375: Theme parsing error: gtk.css:1489:27: Expected a valid selector

(/usr/lib/firefox/firefox:16110): Gtk-WARNING **: 21:09:41.376: Theme parsing error: gtk.css:1618:15: 'bborder-color' is not a valid property name

(/usr/lib/firefox/firefox:16110): Gtk-WARNING **: 21:09:41.376: Theme parsing error: gtk.css:1622:20: Expected a valid selector

(/usr/lib/firefox/firefox:16110): Gtk-WARNING **: 21:09:41.377: Theme parsing error: gtk.css:1988:15: 'bborder-color' is not a valid property name

(/usr/lib/firefox/firefox:16110): Gtk-WARNING **: 21:09:41.386: Theme parsing error: gtk.css:4363:2: Expected semicolon

(/usr/lib/firefox/firefox:16110): Gtk-WARNING **: 21:09:41.390: Theme parsing error: gtk.css:4994:2: Junk at end of value for border-radius

(/usr/lib/firefox/firefox:16110): Gtk-WARNING **: 21:09:41.394: Theme parsing error: gtk.css:6305:26: Expected a valid selector

(/usr/lib/firefox/firefox:16110): Gtk-WARNING **: 21:09:41.398: Theme parsing error: gtk.css:7321:26: Expected a valid selector

(/usr/lib/firefox/firefox:16110): Gtk-WARNING **: 21:09:41.404: Theme parsing error: gtk.css:8201:64: Junk at end of value for background-image

(/usr/lib/firefox/firefox:16110): Gtk-WARNING **: 21:09:41.406: Theme parsing error: gtk.css:8820:55: Using one color stop with linear-gradient() is deprecated.

(/usr/lib/firefox/firefox:16110): Gtk-WARNING **: 21:09:41.406: Theme parsing error: gtk.css:8820:55: Missing closing bracket at end of linear gradient

(/usr/lib/firefox/firefox:16110): Gtk-WARNING **: 21:09:41.407: Theme parsing error: gtk.css:8933:19: not a number

(/usr/lib/firefox/firefox:16110): Gtk-WARNING **: 21:09:41.408: Theme parsing error: gtk.css:8951:15: 'bcbcbc' is not a valid color name

(/usr/lib/firefox/firefox:16110): Gtk-WARNING **: 21:09:41.414: Theme parsing error: gtk.css:10377:20: Not a valid image
1566056383259	Marionette	INFO	Listening on port 43265
1566056383324	Marionette	WARN	TLS certificate errors will be ignored for this session

(/usr/lib/firefox/firefox:16060): dconf-WARNING **: 21:09:44.989: Unable to open /var/lib/snapd/desktop/dconf/profile/user: Permission denied
1566056385303	Marionette	INFO	Stopped listening on port 43265
[Parent 15941, Gecko_IOThread] WARNING: pipe error (71): Connection reset by peer: file /build/firefox-qCOyDf/firefox-68.0.2+build1/ipc/chromium/src/chrome/common/ipc_channel_posix.cc, line 358
1566057915611	mozrunner::runner	INFO	Running command: "/usr/bin/firefox" "-marionette" "-foreground" "-no-remote" "-profile" "/tmp/rust_mozprofile.qG6qjPWKz1dQ"

(firefox:17268): Gtk-WARNING **: 21:35:15.644: Theme parsing error: gtk.css:559:1: Expected a valid selector

(firefox:17268): Gtk-WARNING **: 21:35:15.646: Theme parsing error: gtk.css:1148:2: Expected semicolon

(firefox:17268): Gtk-WARNING **: 21:35:15.647: Theme parsing error: gtk.css:1489:27: Expected a valid selector

(firefox:17268): Gtk-WARNING **: 21:35:15.647: Theme parsing error: gtk.css:1618:15: 'bborder-color' is not a valid property name

(firefox:17268): Gtk-WARNING **: 21:35:15.647: Theme parsing error: gtk.css:1622:20: Expected a valid selector

(firefox:17268): Gtk-WARNING **: 21:35:15.648: Theme parsing error: gtk.css:1988:15: 'bborder-color' is not a valid property name

(firefox:17268): Gtk-WARNING **: 21:35:15.657: Theme parsing error: gtk.css:4363:2: Expected semicolon

(firefox:17268): Gtk-WARNING **: 21:35:15.660: Theme parsing error: gtk.css:4994:2: Junk at end of value for border-radius

(firefox:17268): Gtk-WARNING **: 21:35:15.663: Theme parsing error: gtk.css:6305:26: Expected a valid selector

(firefox:17268): Gtk-WARNING **: 21:35:15.665: Theme parsing error: gtk.css:7321:26: Expected a valid selector

(firefox:17268): Gtk-WARNING **: 21:35:15.666: Theme parsing error: gtk.css:8201:64: Junk at end of value for background-image

(firefox:17268): Gtk-WARNING **: 21:35:15.668: Theme parsing error: gtk.css:8820:55: Using one color stop with linear-gradient() is deprecated.

(firefox:17268): Gtk-WARNING **: 21:35:15.668: Theme parsing error: gtk.css:8820:55: Missing closing bracket at end of linear gradient

(firefox:17268): Gtk-WARNING **: 21:35:15.668: Theme parsing error: gtk.css:8933:19: not a number

(firefox:17268): Gtk-WARNING **: 21:35:15.668: Theme parsing error: gtk.css:8951:15: 'bcbcbc' is not a valid color name

(firefox:17268): Gtk-WARNING **: 21:35:15.671: Theme parsing error: gtk.css:10377:20: Not a valid image
1566057916497	addons.webextension.screenshots@mozilla.org	WARN	Loading extension 'screenshots@mozilla.org': Reading manifest: Invalid extension permission: mozillaAddons
1566057916498	addons.webextension.screenshots@mozilla.org	WARN	Loading extension 'screenshots@mozilla.org': Reading manifest: Invalid extension permission: telemetry
1566057916498	addons.webextension.screenshots@mozilla.org	WARN	Loading extension 'screenshots@mozilla.org': Reading manifest: Invalid extension permission: resource://pdf.js/
1566057916498	addons.webextension.screenshots@mozilla.org	WARN	Loading extension 'screenshots@mozilla.org': Reading manifest: Invalid extension permission: about:reader*

(/usr/lib/firefox/firefox:17320): Gtk-WARNING **: 21:35:18.014: Theme parsing error: gtk.css:559:1: Expected a valid selector

(/usr/lib/firefox/firefox:17320): Gtk-WARNING **: 21:35:18.015: Theme parsing error: gtk.css:1148:2: Expected semicolon

(/usr/lib/firefox/firefox:17320): Gtk-WARNING **: 21:35:18.016: Theme parsing error: gtk.css:1489:27: Expected a valid selector

(/usr/lib/firefox/firefox:17320): Gtk-WARNING **: 21:35:18.017: Theme parsing error: gtk.css:1618:15: 'bborder-color' is not a valid property name

(/usr/lib/firefox/firefox:17320): Gtk-WARNING **: 21:35:18.017: Theme parsing error: gtk.css:1622:20: Expected a valid selector

(/usr/lib/firefox/firefox:17320): Gtk-WARNING **: 21:35:18.018: Theme parsing error: gtk.css:1988:15: 'bborder-color' is not a valid property name

(/usr/lib/firefox/firefox:17320): Gtk-WARNING **: 21:35:18.023: Theme parsing error: gtk.css:4363:2: Expected semicolon

(/usr/lib/firefox/firefox:17320): Gtk-WARNING **: 21:35:18.024: Theme parsing error: gtk.css:4994:2: Junk at end of value for border-radius

(/usr/lib/firefox/firefox:17320): Gtk-WARNING **: 21:35:18.026: Theme parsing error: gtk.css:6305:26: Expected a valid selector

(/usr/lib/firefox/firefox:17320): Gtk-WARNING **: 21:35:18.028: Theme parsing error: gtk.css:7321:26: Expected a valid selector

(/usr/lib/firefox/firefox:17320): Gtk-WARNING **: 21:35:18.029: Theme parsing error: gtk.css:8201:64: Junk at end of value for background-image

(/usr/lib/firefox/firefox:17320): Gtk-WARNING **: 21:35:18.030: Theme parsing error: gtk.css:8820:55: Using one color stop with linear-gradient() is deprecated.

(/usr/lib/firefox/firefox:17320): Gtk-WARNING **: 21:35:18.030: Theme parsing error: gtk.css:8820:55: Missing closing bracket at end of linear gradient

(/usr/lib/firefox/firefox:17320): Gtk-WARNING **: 21:35:18.030: Theme parsing error: gtk.css:8933:19: not a number

(/usr/lib/firefox/firefox:17320): Gtk-WARNING **: 21:35:18.030: Theme parsing error: gtk.css:8951:15: 'bcbcbc' is not a valid color name

(/usr/lib/firefox/firefox:17320): Gtk-WARNING **: 21:35:18.033: Theme parsing error: gtk.css:10377:20: Not a valid image

(/usr/lib/firefox/firefox:17339): Gtk-WARNING **: 21:35:18.249: Theme parsing error: gtk.css:559:1: Expected a valid selector

(/usr/lib/firefox/firefox:17339): Gtk-WARNING **: 21:35:18.252: Theme parsing error: gtk.css:1148:2: Expected semicolon

(/usr/lib/firefox/firefox:17339): Gtk-WARNING **: 21:35:18.253: Theme parsing error: gtk.css:1489:27: Expected a valid selector

(/usr/lib/firefox/firefox:17339): Gtk-WARNING **: 21:35:18.254: Theme parsing error: gtk.css:1618:15: 'bborder-color' is not a valid property name

(/usr/lib/firefox/firefox:17339): Gtk-WARNING **: 21:35:18.254: Theme parsing error: gtk.css:1622:20: Expected a valid selector

(/usr/lib/firefox/firefox:17339): Gtk-WARNING **: 21:35:18.256: Theme parsing error: gtk.css:1988:15: 'bborder-color' is not a valid property name

(/usr/lib/firefox/firefox:17339): Gtk-WARNING **: 21:35:18.264: Theme parsing error: gtk.css:4363:2: Expected semicolon

(/usr/lib/firefox/firefox:17339): Gtk-WARNING **: 21:35:18.268: Theme parsing error: gtk.css:4994:2: Junk at end of value for border-radius

(/usr/lib/firefox/firefox:17339): Gtk-WARNING **: 21:35:18.274: Theme parsing error: gtk.css:6305:26: Expected a valid selector

(/usr/lib/firefox/firefox:17339): Gtk-WARNING **: 21:35:18.278: Theme parsing error: gtk.css:7321:26: Expected a valid selector

(/usr/lib/firefox/firefox:17339): Gtk-WARNING **: 21:35:18.280: Theme parsing error: gtk.css:8201:64: Junk at end of value for background-image

(/usr/lib/firefox/firefox:17339): Gtk-WARNING **: 21:35:18.282: Theme parsing error: gtk.css:8820:55: Using one color stop with linear-gradient() is deprecated.

(/usr/lib/firefox/firefox:17339): Gtk-WARNING **: 21:35:18.282: Theme parsing error: gtk.css:8820:55: Missing closing bracket at end of linear gradient

(/usr/lib/firefox/firefox:17339): Gtk-WARNING **: 21:35:18.283: Theme parsing error: gtk.css:8933:19: not a number

(/usr/lib/firefox/firefox:17339): Gtk-WARNING **: 21:35:18.283: Theme parsing error: gtk.css:8951:15: 'bcbcbc' is not a valid color name

(/usr/lib/firefox/firefox:17339): Gtk-WARNING **: 21:35:18.285: Theme parsing error: gtk.css:10377:20: Not a valid image

(/usr/lib/firefox/firefox:17392): Gtk-WARNING **: 21:35:19.661: Theme parsing error: gtk.css:559:1: Expected a valid selector

(/usr/lib/firefox/firefox:17392): Gtk-WARNING **: 21:35:19.662: Theme parsing error: gtk.css:1148:2: Expected semicolon

(/usr/lib/firefox/firefox:17392): Gtk-WARNING **: 21:35:19.663: Theme parsing error: gtk.css:1489:27: Expected a valid selector

(/usr/lib/firefox/firefox:17392): Gtk-WARNING **: 21:35:19.663: Theme parsing error: gtk.css:1618:15: 'bborder-color' is not a valid property name

(/usr/lib/firefox/firefox:17392): Gtk-WARNING **: 21:35:19.663: Theme parsing error: gtk.css:1622:20: Expected a valid selector

(/usr/lib/firefox/firefox:17392): Gtk-WARNING **: 21:35:19.665: Theme parsing error: gtk.css:1988:15: 'bborder-color' is not a valid property name

(/usr/lib/firefox/firefox:17392): Gtk-WARNING **: 21:35:19.672: Theme parsing error: gtk.css:4363:2: Expected semicolon

(/usr/lib/firefox/firefox:17392): Gtk-WARNING **: 21:35:19.673: Theme parsing error: gtk.css:4994:2: Junk at end of value for border-radius

(/usr/lib/firefox/firefox:17392): Gtk-WARNING **: 21:35:19.676: Theme parsing error: gtk.css:6305:26: Expected a valid selector

(/usr/lib/firefox/firefox:17392): Gtk-WARNING **: 21:35:19.678: Theme parsing error: gtk.css:7321:26: Expected a valid selector

(/usr/lib/firefox/firefox:17392): Gtk-WARNING **: 21:35:19.679: Theme parsing error: gtk.css:8201:64: Junk at end of value for background-image

(/usr/lib/firefox/firefox:17392): Gtk-WARNING **: 21:35:19.681: Theme parsing error: gtk.css:8820:55: Using one color stop with linear-gradient() is deprecated.

(/usr/lib/firefox/firefox:17392): Gtk-WARNING **: 21:35:19.681: Theme parsing error: gtk.css:8820:55: Missing closing bracket at end of linear gradient

(/usr/lib/firefox/firefox:17392): Gtk-WARNING **: 21:35:19.681: Theme parsing error: gtk.css:8933:19: not a number

(/usr/lib/firefox/firefox:17392): Gtk-WARNING **: 21:35:19.681: Theme parsing error: gtk.css:8951:15: 'bcbcbc' is not a valid color name

(/usr/lib/firefox/firefox:17392): Gtk-WARNING **: 21:35:19.684: Theme parsing error: gtk.css:10377:20: Not a valid image
1566057920098	Marionette	INFO	Listening on port 37423
1566057920143	Marionette	WARN	TLS certificate errors will be ignored for this session
1566057920938	Marionette	INFO	Stopped listening on port 37423
JavaScript error: resource://activity-stream/lib/ActivityStreamPrefs.jsm, line 23: NS_ERROR_ILLEGAL_VALUE: Component returned failure code: 0x80070057 (NS_ERROR_ILLEGAL_VALUE) [nsIPrefBranch.removeObserver]
console.log: "RemoteSettingsWorker error: UnknownError: The operation failed for reasons unrelated to the database itself and not covered by any other error code."

###!!! [Parent][DispatchAsyncMessage] Error: PBackgroundIDBFactory::Msg_PBackgroundIDBFactoryRequestConstructor Value error: message was deserialized, but contained an illegal value


###!!! [Parent][DispatchAsyncMessage] Error: PBackgroundIDBFactory::Msg_PBackgroundIDBFactoryRequestConstructor Value error: message was deserialized, but contained an illegal value

JavaScript error: resource://services-common/kinto-offline-client.js, line 579: Error: IndexedDB getLastModified() The operation failed for reasons unrelated to the database itself and not covered by any other error code.
1566058053986	mozrunner::runner	INFO	Running command: "/usr/bin/firefox" "-marionette" "-foreground" "-no-remote" "-profile" "/tmp/rust_mozprofile.4D4oNcnAk8XI"

(firefox:17891): Gtk-WARNING **: 21:37:34.031: Theme parsing error: gtk.css:559:1: Expected a valid selector

(firefox:17891): Gtk-WARNING **: 21:37:34.034: Theme parsing error: gtk.css:1148:2: Expected semicolon

(firefox:17891): Gtk-WARNING **: 21:37:34.036: Theme parsing error: gtk.css:1489:27: Expected a valid selector

(firefox:17891): Gtk-WARNING **: 21:37:34.036: Theme parsing error: gtk.css:1618:15: 'bborder-color' is not a valid property name

(firefox:17891): Gtk-WARNING **: 21:37:34.037: Theme parsing error: gtk.css:1622:20: Expected a valid selector

(firefox:17891): Gtk-WARNING **: 21:37:34.038: Theme parsing error: gtk.css:1988:15: 'bborder-color' is not a valid property name

(firefox:17891): Gtk-WARNING **: 21:37:34.044: Theme parsing error: gtk.css:4363:2: Expected semicolon

(firefox:17891): Gtk-WARNING **: 21:37:34.045: Theme parsing error: gtk.css:4994:2: Junk at end of value for border-radius

(firefox:17891): Gtk-WARNING **: 21:37:34.047: Theme parsing error: gtk.css:6305:26: Expected a valid selector

(firefox:17891): Gtk-WARNING **: 21:37:34.049: Theme parsing error: gtk.css:7321:26: Expected a valid selector

(firefox:17891): Gtk-WARNING **: 21:37:34.050: Theme parsing error: gtk.css:8201:64: Junk at end of value for background-image

(firefox:17891): Gtk-WARNING **: 21:37:34.051: Theme parsing error: gtk.css:8820:55: Using one color stop with linear-gradient() is deprecated.

(firefox:17891): Gtk-WARNING **: 21:37:34.051: Theme parsing error: gtk.css:8820:55: Missing closing bracket at end of linear gradient

(firefox:17891): Gtk-WARNING **: 21:37:34.051: Theme parsing error: gtk.css:8933:19: not a number

(firefox:17891): Gtk-WARNING **: 21:37:34.051: Theme parsing error: gtk.css:8951:15: 'bcbcbc' is not a valid color name

(firefox:17891): Gtk-WARNING **: 21:37:34.053: Theme parsing error: gtk.css:10377:20: Not a valid image
1566058054970	addons.webextension.screenshots@mozilla.org	WARN	Loading extension 'screenshots@mozilla.org': Reading manifest: Invalid extension permission: mozillaAddons
1566058054970	addons.webextension.screenshots@mozilla.org	WARN	Loading extension 'screenshots@mozilla.org': Reading manifest: Invalid extension permission: telemetry
1566058054971	addons.webextension.screenshots@mozilla.org	WARN	Loading extension 'screenshots@mozilla.org': Reading manifest: Invalid extension permission: resource://pdf.js/
1566058054971	addons.webextension.screenshots@mozilla.org	WARN	Loading extension 'screenshots@mozilla.org': Reading manifest: Invalid extension permission: about:reader*

(/usr/lib/firefox/firefox:17943): Gtk-WARNING **: 21:37:36.331: Theme parsing error: gtk.css:559:1: Expected a valid selector

(/usr/lib/firefox/firefox:17943): Gtk-WARNING **: 21:37:36.332: Theme parsing error: gtk.css:1148:2: Expected semicolon

(/usr/lib/firefox/firefox:17943): Gtk-WARNING **: 21:37:36.333: Theme parsing error: gtk.css:1489:27: Expected a valid selector

(/usr/lib/firefox/firefox:17943): Gtk-WARNING **: 21:37:36.333: Theme parsing error: gtk.css:1618:15: 'bborder-color' is not a valid property name

(/usr/lib/firefox/firefox:17943): Gtk-WARNING **: 21:37:36.333: Theme parsing error: gtk.css:1622:20: Expected a valid selector

(/usr/lib/firefox/firefox:17943): Gtk-WARNING **: 21:37:36.334: Theme parsing error: gtk.css:1988:15: 'bborder-color' is not a valid property name

(/usr/lib/firefox/firefox:17943): Gtk-WARNING **: 21:37:36.339: Theme parsing error: gtk.css:4363:2: Expected semicolon

(/usr/lib/firefox/firefox:17943): Gtk-WARNING **: 21:37:36.340: Theme parsing error: gtk.css:4994:2: Junk at end of value for border-radius

(/usr/lib/firefox/firefox:17943): Gtk-WARNING **: 21:37:36.344: Theme parsing error: gtk.css:6305:26: Expected a valid selector

(/usr/lib/firefox/firefox:17943): Gtk-WARNING **: 21:37:36.346: Theme parsing error: gtk.css:7321:26: Expected a valid selector

(/usr/lib/firefox/firefox:17943): Gtk-WARNING **: 21:37:36.349: Theme parsing error: gtk.css:8201:64: Junk at end of value for background-image

(/usr/lib/firefox/firefox:17943): Gtk-WARNING **: 21:37:36.351: Theme parsing error: gtk.css:8820:55: Using one color stop with linear-gradient() is deprecated.

(/usr/lib/firefox/firefox:17943): Gtk-WARNING **: 21:37:36.351: Theme parsing error: gtk.css:8820:55: Missing closing bracket at end of linear gradient

(/usr/lib/firefox/firefox:17943): Gtk-WARNING **: 21:37:36.351: Theme parsing error: gtk.css:8933:19: not a number

(/usr/lib/firefox/firefox:17943): Gtk-WARNING **: 21:37:36.352: Theme parsing error: gtk.css:8951:15: 'bcbcbc' is not a valid color name

(/usr/lib/firefox/firefox:17943): Gtk-WARNING **: 21:37:36.356: Theme parsing error: gtk.css:10377:20: Not a valid image

(/usr/lib/firefox/firefox:17962): Gtk-WARNING **: 21:37:36.530: Theme parsing error: gtk.css:559:1: Expected a valid selector

(/usr/lib/firefox/firefox:17962): Gtk-WARNING **: 21:37:36.531: Theme parsing error: gtk.css:1148:2: Expected semicolon

(/usr/lib/firefox/firefox:17962): Gtk-WARNING **: 21:37:36.532: Theme parsing error: gtk.css:1489:27: Expected a valid selector

(/usr/lib/firefox/firefox:17962): Gtk-WARNING **: 21:37:36.533: Theme parsing error: gtk.css:1618:15: 'bborder-color' is not a valid property name

(/usr/lib/firefox/firefox:17962): Gtk-WARNING **: 21:37:36.533: Theme parsing error: gtk.css:1622:20: Expected a valid selector

(/usr/lib/firefox/firefox:17962): Gtk-WARNING **: 21:37:36.535: Theme parsing error: gtk.css:1988:15: 'bborder-color' is not a valid property name

(/usr/lib/firefox/firefox:17962): Gtk-WARNING **: 21:37:36.539: Theme parsing error: gtk.css:4363:2: Expected semicolon

(/usr/lib/firefox/firefox:17962): Gtk-WARNING **: 21:37:36.540: Theme parsing error: gtk.css:4994:2: Junk at end of value for border-radius

(/usr/lib/firefox/firefox:17962): Gtk-WARNING **: 21:37:36.544: Theme parsing error: gtk.css:6305:26: Expected a valid selector

(/usr/lib/firefox/firefox:17962): Gtk-WARNING **: 21:37:36.546: Theme parsing error: gtk.css:7321:26: Expected a valid selector

(/usr/lib/firefox/firefox:17962): Gtk-WARNING **: 21:37:36.547: Theme parsing error: gtk.css:8201:64: Junk at end of value for background-image

(/usr/lib/firefox/firefox:17962): Gtk-WARNING **: 21:37:36.548: Theme parsing error: gtk.css:8820:55: Using one color stop with linear-gradient() is deprecated.

(/usr/lib/firefox/firefox:17962): Gtk-WARNING **: 21:37:36.548: Theme parsing error: gtk.css:8820:55: Missing closing bracket at end of linear gradient

(/usr/lib/firefox/firefox:17962): Gtk-WARNING **: 21:37:36.548: Theme parsing error: gtk.css:8933:19: not a number

(/usr/lib/firefox/firefox:17962): Gtk-WARNING **: 21:37:36.548: Theme parsing error: gtk.css:8951:15: 'bcbcbc' is not a valid color name

(/usr/lib/firefox/firefox:17962): Gtk-WARNING **: 21:37:36.550: Theme parsing error: gtk.css:10377:20: Not a valid image

(/usr/lib/firefox/firefox:18015): Gtk-WARNING **: 21:37:37.992: Theme parsing error: gtk.css:559:1: Expected a valid selector

(/usr/lib/firefox/firefox:18015): Gtk-WARNING **: 21:37:37.994: Theme parsing error: gtk.css:1148:2: Expected semicolon

(/usr/lib/firefox/firefox:18015): Gtk-WARNING **: 21:37:37.995: Theme parsing error: gtk.css:1489:27: Expected a valid selector

(/usr/lib/firefox/firefox:18015): Gtk-WARNING **: 21:37:37.995: Theme parsing error: gtk.css:1618:15: 'bborder-color' is not a valid property name

(/usr/lib/firefox/firefox:18015): Gtk-WARNING **: 21:37:37.995: Theme parsing error: gtk.css:1622:20: Expected a valid selector

(/usr/lib/firefox/firefox:18015): Gtk-WARNING **: 21:37:37.996: Theme parsing error: gtk.css:1988:15: 'bborder-color' is not a valid property name

(/usr/lib/firefox/firefox:18015): Gtk-WARNING **: 21:37:38.003: Theme parsing error: gtk.css:4363:2: Expected semicolon

(/usr/lib/firefox/firefox:18015): Gtk-WARNING **: 21:37:38.004: Theme parsing error: gtk.css:4994:2: Junk at end of value for border-radius

(/usr/lib/firefox/firefox:18015): Gtk-WARNING **: 21:37:38.006: Theme parsing error: gtk.css:6305:26: Expected a valid selector

(/usr/lib/firefox/firefox:18015): Gtk-WARNING **: 21:37:38.008: Theme parsing error: gtk.css:7321:26: Expected a valid selector

(/usr/lib/firefox/firefox:18015): Gtk-WARNING **: 21:37:38.010: Theme parsing error: gtk.css:8201:64: Junk at end of value for background-image

(/usr/lib/firefox/firefox:18015): Gtk-WARNING **: 21:37:38.010: Theme parsing error: gtk.css:8820:55: Using one color stop with linear-gradient() is deprecated.

(/usr/lib/firefox/firefox:18015): Gtk-WARNING **: 21:37:38.011: Theme parsing error: gtk.css:8820:55: Missing closing bracket at end of linear gradient

(/usr/lib/firefox/firefox:18015): Gtk-WARNING **: 21:37:38.011: Theme parsing error: gtk.css:8933:19: not a number

(/usr/lib/firefox/firefox:18015): Gtk-WARNING **: 21:37:38.011: Theme parsing error: gtk.css:8951:15: 'bcbcbc' is not a valid color name

(/usr/lib/firefox/firefox:18015): Gtk-WARNING **: 21:37:38.013: Theme parsing error: gtk.css:10377:20: Not a valid image
1566058058314	Marionette	INFO	Listening on port 39623
1566058058404	Marionette	WARN	TLS certificate errors will be ignored for this session
1566058059184	Marionette	INFO	Stopped listening on port 39623
JavaScript error: resource://activity-stream/lib/ActivityStreamPrefs.jsm, line 23: NS_ERROR_ILLEGAL_VALUE: Component returned failure code: 0x80070057 (NS_ERROR_ILLEGAL_VALUE) [nsIPrefBranch.removeObserver]
console.log: "RemoteSettingsWorker error: UnknownError: The operation failed for reasons unrelated to the database itself and not covered by any other error code."

###!!! [Parent][DispatchAsyncMessage] Error: PBackgroundIDBFactory::Msg_PBackgroundIDBFactoryRequestConstructor Value error: message was deserialized, but contained an illegal value


###!!! [Parent][DispatchAsyncMessage] Error: PBackgroundIDBFactory::Msg_PBackgroundIDBFactoryRequestConstructor Value error: message was deserialized, but contained an illegal value

JavaScript error: resource://services-common/kinto-offline-client.js, line 579: Error: IndexedDB getLastModified() The operation failed for reasons unrelated to the database itself and not covered by any other error code.
